# Logfile created on 2025-03-21 08:20:03 +0000 by logger.rb/v1.6.6
{"severity":"DEBUG","time":"2025-03-21T08:20:03.546Z","correlation_id":null,"event":"setup","model":"ActiveRecord::Base","start_service_discovery":false}
{"severity":"DEBUG","time":"2025-03-21T08:20:03.547Z","correlation_id":null,"event":"setup","model":"ActiveRecord::Base","start_service_discovery":true}
{"severity":"DEBUG","time":"2025-03-21T08:20:03.548Z","correlation_id":null,"event":"setup","model":"Ci::ApplicationRecord","start_service_discovery":false}
{"severity":"DEBUG","time":"2025-03-21T08:20:03.550Z","correlation_id":null,"event":"setup","model":"Ci::ApplicationRecord","start_service_discovery":true}
{"severity":"DEBUG","time":"2025-03-21T08:20:47.809Z","correlation_id":null,"event":"setup","model":"ActiveRecord::Base","start_service_discovery":false}
{"severity":"DEBUG","time":"2025-03-21T08:20:47.810Z","correlation_id":null,"event":"setup","model":"ActiveRecord::Base","start_service_discovery":true}
{"severity":"DEBUG","time":"2025-03-21T08:20:47.812Z","correlation_id":null,"event":"setup","model":"Ci::ApplicationRecord","start_service_discovery":false}
{"severity":"DEBUG","time":"2025-03-21T08:20:47.813Z","correlation_id":null,"event":"setup","model":"Ci::ApplicationRecord","start_service_discovery":true}
{"severity":"DEBUG","time":"2025-03-21T08:21:12.642Z","correlation_id":null,"event":"setup","model":"ActiveRecord::Base","start_service_discovery":false}
{"severity":"DEBUG","time":"2025-03-21T08:21:12.644Z","correlation_id":null,"event":"setup","model":"Ci::ApplicationRecord","start_service_discovery":false}
{"severity":"DEBUG","time":"2025-03-21T08:21:21.550Z","correlation_id":null,"event":"setup","model":"ActiveRecord::Base","start_service_discovery":false}
{"severity":"DEBUG","time":"2025-03-21T08:21:21.554Z","correlation_id":null,"event":"setup","model":"ActiveRecord::Base","start_service_discovery":true}
{"severity":"DEBUG","time":"2025-03-21T08:21:21.555Z","correlation_id":null,"event":"setup","model":"Ci::ApplicationRecord","start_service_discovery":false}
{"severity":"DEBUG","time":"2025-03-21T08:21:21.556Z","correlation_id":null,"event":"setup","model":"Ci::ApplicationRecord","start_service_discovery":true}
{"severity":"DEBUG","time":"2025-03-21T08:21:35.956Z","correlation_id":null,"event":"setup","model":"ActiveRecord::Base","start_service_discovery":true}
{"severity":"DEBUG","time":"2025-03-21T08:21:35.960Z","correlation_id":null,"event":"setup","model":"Ci::ApplicationRecord","start_service_discovery":true}
{"severity":"DEBUG","time":"2025-03-21T08:21:35.984Z","correlation_id":null,"event":"setup","model":"ActiveRecord::Base","start_service_discovery":true}
{"severity":"DEBUG","time":"2025-03-21T08:21:35.988Z","correlation_id":null,"event":"setup","model":"Ci::ApplicationRecord","start_service_discovery":true}
{"severity":"DEBUG","time":"2025-03-21T08:21:35.998Z","correlation_id":null,"event":"setup","model":"ActiveRecord::Base","start_service_discovery":true}
{"severity":"DEBUG","time":"2025-03-21T08:21:36.002Z","correlation_id":null,"event":"setup","model":"ActiveRecord::Base","start_service_discovery":true}
{"severity":"DEBUG","time":"2025-03-21T08:21:36.004Z","correlation_id":null,"event":"setup","model":"Ci::ApplicationRecord","start_service_discovery":true}
{"severity":"DEBUG","time":"2025-03-21T08:21:36.004Z","correlation_id":null,"event":"setup","model":"Ci::ApplicationRecord","start_service_discovery":true}
{"severity":"DEBUG","time":"2025-03-21T08:21:36.005Z","correlation_id":null,"event":"setup","model":"ActiveRecord::Base","start_service_discovery":true}
{"severity":"DEBUG","time":"2025-03-21T08:21:36.007Z","correlation_id":null,"event":"setup","model":"Ci::ApplicationRecord","start_service_discovery":true}
{"severity":"DEBUG","time":"2025-03-21T08:21:36.034Z","correlation_id":null,"event":"setup","model":"ActiveRecord::Base","start_service_discovery":true}
{"severity":"DEBUG","time":"2025-03-21T08:21:36.036Z","correlation_id":null,"event":"setup","model":"Ci::ApplicationRecord","start_service_discovery":true}
{"severity":"DEBUG","time":"2025-03-21T08:22:05.800Z","correlation_id":null,"event":"setup","model":"ActiveRecord::Base","start_service_discovery":false}
{"severity":"DEBUG","time":"2025-03-21T08:22:05.802Z","correlation_id":null,"event":"setup","model":"ActiveRecord::Base","start_service_discovery":true}
{"severity":"DEBUG","time":"2025-03-21T08:22:05.803Z","correlation_id":null,"event":"setup","model":"Ci::ApplicationRecord","start_service_discovery":false}
{"severity":"DEBUG","time":"2025-03-21T08:22:05.804Z","correlation_id":null,"event":"setup","model":"Ci::ApplicationRecord","start_service_discovery":true}
{"severity":"DEBUG","time":"2025-03-21T08:25:45.968Z","correlation_id":null,"event":"setup","model":"ActiveRecord::Base","start_service_discovery":false}
{"severity":"DEBUG","time":"2025-03-21T08:25:45.971Z","correlation_id":null,"event":"setup","model":"Ci::ApplicationRecord","start_service_discovery":false}
{"severity":"DEBUG","time":"2025-03-21T08:25:53.721Z","correlation_id":null,"event":"setup","model":"ActiveRecord::Base","start_service_discovery":false}
{"severity":"DEBUG","time":"2025-03-21T08:25:53.724Z","correlation_id":null,"event":"setup","model":"ActiveRecord::Base","start_service_discovery":true}
{"severity":"DEBUG","time":"2025-03-21T08:25:53.726Z","correlation_id":null,"event":"setup","model":"Ci::ApplicationRecord","start_service_discovery":false}
{"severity":"DEBUG","time":"2025-03-21T08:25:53.727Z","correlation_id":null,"event":"setup","model":"Ci::ApplicationRecord","start_service_discovery":true}
{"severity":"DEBUG","time":"2025-03-21T08:26:08.723Z","correlation_id":null,"event":"setup","model":"ActiveRecord::Base","start_service_discovery":true}
{"severity":"DEBUG","time":"2025-03-21T08:26:08.723Z","correlation_id":null,"event":"setup","model":"ActiveRecord::Base","start_service_discovery":true}
{"severity":"DEBUG","time":"2025-03-21T08:26:08.726Z","correlation_id":null,"event":"setup","model":"Ci::ApplicationRecord","start_service_discovery":true}
{"severity":"DEBUG","time":"2025-03-21T08:26:08.726Z","correlation_id":null,"event":"setup","model":"Ci::ApplicationRecord","start_service_discovery":true}
{"severity":"DEBUG","time":"2025-03-21T08:26:08.738Z","correlation_id":null,"event":"setup","model":"ActiveRecord::Base","start_service_discovery":true}
{"severity":"DEBUG","time":"2025-03-21T08:26:08.742Z","correlation_id":null,"event":"setup","model":"Ci::ApplicationRecord","start_service_discovery":true}
{"severity":"DEBUG","time":"2025-03-21T08:26:08.742Z","correlation_id":null,"event":"setup","model":"ActiveRecord::Base","start_service_discovery":true}
{"severity":"DEBUG","time":"2025-03-21T08:26:08.746Z","correlation_id":null,"event":"setup","model":"Ci::ApplicationRecord","start_service_discovery":true}
{"severity":"DEBUG","time":"2025-03-21T08:26:08.756Z","correlation_id":null,"event":"setup","model":"ActiveRecord::Base","start_service_discovery":true}
{"severity":"DEBUG","time":"2025-03-21T08:26:08.759Z","correlation_id":null,"event":"setup","model":"Ci::ApplicationRecord","start_service_discovery":true}
{"severity":"DEBUG","time":"2025-03-21T08:26:08.797Z","correlation_id":null,"event":"setup","model":"ActiveRecord::Base","start_service_discovery":true}
{"severity":"DEBUG","time":"2025-03-21T08:26:08.798Z","correlation_id":null,"event":"setup","model":"Ci::ApplicationRecord","start_service_discovery":true}
{"severity":"DEBUG","time":"2025-03-21T08:26:39.428Z","correlation_id":null,"event":"setup","model":"ActiveRecord::Base","start_service_discovery":false}
{"severity":"DEBUG","time":"2025-03-21T08:26:39.429Z","correlation_id":null,"event":"setup","model":"ActiveRecord::Base","start_service_discovery":true}
{"severity":"DEBUG","time":"2025-03-21T08:26:39.430Z","correlation_id":null,"event":"setup","model":"Ci::ApplicationRecord","start_service_discovery":false}
{"severity":"DEBUG","time":"2025-03-21T08:26:39.431Z","correlation_id":null,"event":"setup","model":"Ci::ApplicationRecord","start_service_discovery":true}
{"severity":"DEBUG","time":"2025-03-21T08:34:57.030Z","correlation_id":null,"event":"setup","model":"ActiveRecord::Base","start_service_discovery":false}
{"severity":"DEBUG","time":"2025-03-21T08:34:57.031Z","correlation_id":null,"event":"setup","model":"ActiveRecord::Base","start_service_discovery":true}
{"severity":"DEBUG","time":"2025-03-21T08:34:57.032Z","correlation_id":null,"event":"setup","model":"Ci::ApplicationRecord","start_service_discovery":false}
{"severity":"DEBUG","time":"2025-03-21T08:34:57.034Z","correlation_id":null,"event":"setup","model":"Ci::ApplicationRecord","start_service_discovery":true}
